<?xml version="1.0" encoding="utf-8"?><testsuites name="pytest tests"><testsuite name="pytest" errors="0" failures="0" skipped="0" tests="3" time="1.245" timestamp="2025-06-29T15:55:26.177172+05:30" hostname="shail"><testcase classname="tests.test_evaluation" name="test_evaluate_model_returns_metrics" time="0.096" /><testcase classname="tests.test_validation" name="test_valid_data" time="0.001" /><testcase classname="tests.test_validation" name="test_invalid_data" time="0.001" /></testsuite></testsuites>